#
# There is insufficient memory for the Java Runtime Environment to continue.
# Native memory allocation (malloc) failed to allocate 2097152 bytes for AllocateHeap
# Possible reasons:
#   The system is out of physical RAM or swap space
#   The process is running with CompressedOops enabled, and the Java Heap may be blocking the growth of the native heap
# Possible solutions:
#   Reduce memory load on the system
#   Increase physical memory or swap space
#   Check if swap backing store is full
#   Decrease Java heap size (-Xmx/-Xms)
#   Decrease number of Java threads
#   Decrease Java thread stack sizes (-Xss)
#   Set larger code cache with -XX:ReservedCodeCacheSize=
#   JVM is running with Unscaled Compressed Oops mode in which the Java heap is
#     placed in the first 4GB address space. The Java Heap base address is the
#     maximum limit for the native heap growth. Please use -XX:HeapBaseMinAddress
#     to set the Java Heap base and to place the Java Heap above 4GB virtual address.
# This output file may be truncated or incomplete.
#
#  Out of Memory Error (t:/workspace/open/src/hotspot/share/memory/allocation.cpp:44), pid=4420, tid=7748
#
# JRE version: Java(TM) SE Runtime Environment (14.0+36) (build 14+36-1461)
# Java VM: Java HotSpot(TM) 64-Bit Server VM (14+36-1461, mixed mode, sharing, tiered, compressed oops, g1 gc, windows-amd64)
# No core dump will be written. Minidumps are not enabled by default on client versions of Windows
#

---------------  S U M M A R Y ------------

Command Line: -XX:TieredStopAtLevel=1 -Xverify:none -Dspring.output.ansi.enabled=always -Dcom.sun.management.jmxremote -Dspring.jmx.enabled=true -Dspring.liveBeansView.mbeanDomain -Dspring.application.admin.enabled=true -javaagent:C:\Program Files\JetBrains\IntelliJ IDEA 2019.3.4\lib\idea_rt.jar=49585:C:\Program Files\JetBrains\IntelliJ IDEA 2019.3.4\bin -Dfile.encoding=UTF-8 by.dz.fruits_in_choco.fruits_in_choco.FruitsInChocoApplication

Host: Intel(R) Core(TM) i3-3227U CPU @ 1.90GHz, 4 cores, 5G,  Windows 8.1 , 64 bit Build 9600 (6.3.9600.20062)
Time: Fri Oct  8 01:36:04 2021 Aaea?onu (ceia) elapsed time: 77 seconds (0d 0h 1m 17s)

---------------  T H R E A D  ---------------

Current thread (0x0000002c505ac000):  VMThread "VM Thread" [stack: 0x0000002c50fc0000,0x0000002c510c0000] [id=7748]

Stack: [0x0000002c50fc0000,0x0000002c510c0000]
[error occurred during error reporting (printing stack bounds), id 0xc0000005, EXCEPTION_ACCESS_VIOLATION (0xc0000005) at pc=0x0000002c3b5410ad]

Native frames: (J=compiled Java code, j=interpreted, Vv=VM code, C=native code)
V  [jvm.dll+0x5f83ea]
V  [jvm.dll+0x741e2a]
V  [jvm.dll+0x7435df]
V  [jvm.dll+0x743b85]
V  [jvm.dll+0x743b3b]
V  [jvm.dll+0x5f791f]
V  [jvm.dll+0x5f8088]
C  [ntdll.dll+0x92f5d]
C  [ntdll.dll+0x54547]
C  [ntdll.dll+0x920ea]
C  0x0000002c3b5410ad

VM_Operation (0x0000002c55eff240): G1CollectFull, mode: safepoint, requested by thread 0x0000002c54749800


---------------  P R O C E S S  ---------------

Threads class SMR info:
_java_thread_list=0x0000002c5694ccd0, length=17, elements={
0x0000002c505b3800, 0x0000002c505b5000, 0x0000002c512cc800, 0x0000002c512cf800,
0x0000002c512d4800, 0x0000002c512d5000, 0x0000002c512d6800, 0x0000002c50587000,
0x0000002c51db7000, 0x0000002c51db8000, 0x0000002c51f6a000, 0x0000002c52288800,
0x0000002c5474c000, 0x0000002c5696f800, 0x0000002c5696a800, 0x0000002c5696a000,
0x0000002c54749800
}

Java Threads: ( => current thread )
  0x0000002c505b3800 JavaThread "Reference Handler" daemon [_thread_blocked, id=3160, stack(0x0000002c510c0000,0x0000002c511c0000)]
  0x0000002c505b5000 JavaThread "Finalizer" daemon [_thread_blocked, id=6988, stack(0x0000002c511c0000,0x0000002c512c0000)]
  0x0000002c512cc800 JavaThread "Signal Dispatcher" daemon [_thread_blocked, id=3672, stack(0x0000002c517a0000,0x0000002c518a0000)]
  0x0000002c512cf800 JavaThread "Attach Listener" daemon [_thread_blocked, id=5152, stack(0x0000002c518a0000,0x0000002c519a0000)]
  0x0000002c512d4800 JavaThread "Service Thread" daemon [_thread_blocked, id=10008, stack(0x0000002c519a0000,0x0000002c51aa0000)]
  0x0000002c512d5000 JavaThread "C1 CompilerThread0" daemon [_thread_blocked, id=5408, stack(0x0000002c51aa0000,0x0000002c51ba0000)]
  0x0000002c512d6800 JavaThread "Sweeper thread" daemon [_thread_blocked, id=6600, stack(0x0000002c51ba0000,0x0000002c51ca0000)]
  0x0000002c50587000 JavaThread "Common-Cleaner" daemon [_thread_blocked, id=8784, stack(0x0000002c51ca0000,0x0000002c51da0000)]
  0x0000002c51db7000 JavaThread "Monitor Ctrl-Break" daemon [_thread_in_native, id=9872, stack(0x0000002c525a0000,0x0000002c526a0000)]
  0x0000002c51db8000 JavaThread "Notification Thread" daemon [_thread_blocked, id=6008, stack(0x0000002c526a0000,0x0000002c527a0000)]
  0x0000002c51f6a000 JavaThread "RMI TCP Accept-0" daemon [_thread_in_native, id=6588, stack(0x0000002c52c40000,0x0000002c52d40000)]
  0x0000002c52288800 JavaThread "mysql-cj-abandoned-connection-cleanup" daemon [_thread_blocked, id=5240, stack(0x0000002c53530000,0x0000002c53630000)]
  0x0000002c5474c000 JavaThread "Live Reload Server" daemon [_thread_in_native, id=4768, stack(0x0000002c582d0000,0x0000002c583d0000)]
  0x0000002c5696f800 JavaThread "DestroyJavaVM" [_thread_blocked, id=7316, stack(0x0000002c32470000,0x0000002c32570000)]
  0x0000002c5696a800 JavaThread "Catalina-utility-1" [_thread_blocked, id=8864, stack(0x0000002c55b00000,0x0000002c55c00000)]
  0x0000002c5696a000 JavaThread "Catalina-utility-2" [_thread_blocked, id=3708, stack(0x0000002c57ad0000,0x0000002c57bd0000)]
  0x0000002c54749800 JavaThread "Thread-7" [_thread_blocked, id=3096, stack(0x0000002c55e00000,0x0000002c55f00000)]

Other Threads:
=>0x0000002c505ac000 VMThread "VM Thread" [stack: 0x0000002c50fc0000,0x0000002c510c0000] [id=7748]
  0x0000002c51f83800 WatcherThread [stack: 0x0000002c52d40000,0x0000002c52e40000] [id=2640]
  0x0000002c32e40800 GCTaskThread "GC Thread#0" [stack: 0x0000002c32c00000,0x0000002c32d00000] [id=9048]
  0x0000002c51ff5000 GCTaskThread "GC Thread#1" [stack: 0x0000002c52e40000,0x0000002c52f40000] [id=6684]
  0x0000002c5255a000 GCTaskThread "GC Thread#2" [stack: 0x0000002c53630000,0x0000002c53730000] [id=10112]
  0x0000002c5255b000 GCTaskThread "GC Thread#3" [stack: 0x0000002c53730000,0x0000002c53830000] [id=7356]
  0x0000002c32e4e800 ConcurrentGCThread "G1 Main Marker" [stack: 0x0000002c4dd80000,0x0000002c4de80000] [id=8704]
  0x0000002c32e51000 ConcurrentGCThread "G1 Conc#0" [stack: 0x0000002c4de80000,0x0000002c4df80000] [id=5916]
  0x0000002c5041a800 ConcurrentGCThread "G1 Refine#0" [stack: 0x0000002c505c0000,0x0000002c506c0000] [id=5124]
  0x0000002c5201e800 ConcurrentGCThread "G1 Refine#1" [stack: 0x0000002c52f40000,0x0000002c53040000] [id=3444]
  0x0000002c5041b000 ConcurrentGCThread "G1 Young RemSet Sampling" [stack: 0x0000002c506c0000,0x0000002c507c0000] [id=2972]

Threads with active compile tasks:

VM state:at safepoint (normal execution)

VM Mutex/Monitor currently owned by a thread:  ([mutex/lock_event])
[0x0000002c32e07310] Threads_lock - owner thread: 0x0000002c505ac000
[0x0000002c32e07550] Heap_lock - owner thread: 0x0000002c54749800

Heap address: 0x00000000a1a00000, size: 1510 MB, Compressed Oops mode: 32-bit
Narrow klass base: 0x0000000800000000, Narrow klass shift: 3
Compressed class space size: 1073741824 Address: 0x0000000800b30000

Heap:
 garbage-first heap   total 79872K, used 35618K [0x00000000a1a00000, 0x0000000100000000)
  region size 1024K, 9 young (9216K), 5 survivors (5120K)
 Metaspace       used 53529K, capacity 55452K, committed 55600K, reserved 1097728K
  class space    used 7539K, capacity 8250K, committed 8320K, reserved 1048576K
Heap Regions: E=young(eden), S=young(survivor), O=old, HS=humongous(starts), HC=humongous(continues), CS=collection set, F=free, OA=open archive, CA=closed archive, TAMS=top-at-mark-start (previous, next)
|   0|0x00000000a1a00000, 0x00000000a1b00000, 0x00000000a1b00000|100%|HS|  |TAMS 0x00000000a1a00000, 0x00000000a1a00000| Untracked 
|   1|0x00000000a1b00000, 0x00000000a1bfffe0, 0x00000000a1c00000| 99%| O|  |TAMS 0x00000000a1b00000, 0x00000000a1b00000| Untracked 
|   2|0x00000000a1c00000, 0x00000000a1cffff0, 0x00000000a1d00000| 99%| O|  |TAMS 0x00000000a1c00000, 0x00000000a1c00000| Untracked 
|   3|0x00000000a1d00000, 0x00000000a1df7788, 0x00000000a1e00000| 96%| O|  |TAMS 0x00000000a1d00000, 0x00000000a1d00000| Untracked 
|   4|0x00000000a1e00000, 0x00000000a1f00000, 0x00000000a1f00000|100%| O|  |TAMS 0x00000000a1e00000, 0x00000000a1e00000| Untracked 
|   5|0x00000000a1f00000, 0x00000000a1feeeb0, 0x00000000a2000000| 93%| O|  |TAMS 0x00000000a1f00000, 0x00000000a1f00000| Untracked 
|   6|0x00000000a2000000, 0x00000000a20fffe8, 0x00000000a2100000| 99%| O|  |TAMS 0x00000000a2000000, 0x00000000a2000000| Untracked 
|   7|0x00000000a2100000, 0x00000000a21fffc0, 0x00000000a2200000| 99%| O|  |TAMS 0x00000000a2100000, 0x00000000a2100000| Untracked 
|   8|0x00000000a2200000, 0x00000000a22fff70, 0x00000000a2300000| 99%| O|  |TAMS 0x00000000a2200000, 0x00000000a2200000| Untracked 
|   9|0x00000000a2300000, 0x00000000a23fffe0, 0x00000000a2400000| 99%| O|  |TAMS 0x00000000a2300000, 0x00000000a2300000| Untracked 
|  10|0x00000000a2400000, 0x00000000a24fffb8, 0x00000000a2500000| 99%| O|  |TAMS 0x00000000a2400000, 0x00000000a2400000| Untracked 
|  11|0x00000000a2500000, 0x00000000a25fffe8, 0x00000000a2600000| 99%| O|  |TAMS 0x00000000a2500000, 0x00000000a2500000| Untracked 
|  12|0x00000000a2600000, 0x00000000a26ffff0, 0x00000000a2700000| 99%| O|  |TAMS 0x00000000a2600000, 0x00000000a2600000| Untracked 
|  13|0x00000000a2700000, 0x00000000a27fff40, 0x00000000a2800000| 99%| O|  |TAMS 0x00000000a2700000, 0x00000000a2700000| Untracked 
|  14|0x00000000a2800000, 0x00000000a28ffff0, 0x00000000a2900000| 99%| O|  |TAMS 0x00000000a2800000, 0x00000000a2800000| Untracked 
|  15|0x00000000a2900000, 0x00000000a29fffd8, 0x00000000a2a00000| 99%| O|  |TAMS 0x00000000a2900000, 0x00000000a2900000| Untracked 
|  16|0x00000000a2a00000, 0x00000000a2afffc0, 0x00000000a2b00000| 99%| O|  |TAMS 0x00000000a2a00000, 0x00000000a2a00000| Untracked 
|  17|0x00000000a2b00000, 0x00000000a2bfd160, 0x00000000a2c00000| 98%| O|  |TAMS 0x00000000a2b00000, 0x00000000a2b00000| Untracked 
|  18|0x00000000a2c00000, 0x00000000a2d00000, 0x00000000a2d00000|100%| O|  |TAMS 0x00000000a2c00000, 0x00000000a2c00000| Untracked 
|  19|0x00000000a2d00000, 0x00000000a2dffff8, 0x00000000a2e00000| 99%| O|  |TAMS 0x00000000a2d00000, 0x00000000a2d00000| Untracked 
|  20|0x00000000a2e00000, 0x00000000a2efffc0, 0x00000000a2f00000| 99%| O|  |TAMS 0x00000000a2e00000, 0x00000000a2e00000| Untracked 
|  21|0x00000000a2f00000, 0x00000000a2ffffd0, 0x00000000a3000000| 99%| O|  |TAMS 0x00000000a2f00000, 0x00000000a2f00000| Untracked 
|  22|0x00000000a3000000, 0x00000000a30f3c50, 0x00000000a3100000| 95%| O|  |TAMS 0x00000000a3000000, 0x00000000a3000000| Untracked 
|  23|0x00000000a3100000, 0x00000000a31e6248, 0x00000000a3200000| 89%| O|  |TAMS 0x00000000a3100000, 0x00000000a3100000| Untracked 
|  24|0x00000000a3200000, 0x00000000a32ffff8, 0x00000000a3300000| 99%| O|  |TAMS 0x00000000a3200000, 0x00000000a3200000| Untracked 
|  25|0x00000000a3300000, 0x00000000a3391268, 0x00000000a3400000| 56%| O|  |TAMS 0x00000000a3300000, 0x00000000a3300000| Untracked 
|  26|0x00000000a3400000, 0x00000000a3500000, 0x00000000a3500000|100%| O|  |TAMS 0x00000000a3400000, 0x00000000a3400000| Untracked 
|  27|0x00000000a3500000, 0x00000000a35167e8, 0x00000000a3600000|  8%| O|  |TAMS 0x00000000a3500000, 0x00000000a3500000| Untracked 
|  28|0x00000000a3600000, 0x00000000a3663e00, 0x00000000a3700000| 39%| O|  |TAMS 0x00000000a3600000, 0x00000000a3600000| Untracked 
|  29|0x00000000a3700000, 0x00000000a3700000, 0x00000000a3800000|  0%| F|  |TAMS 0x00000000a3700000, 0x00000000a3700000| Untracked 
|  30|0x00000000a3800000, 0x00000000a3800000, 0x00000000a3900000|  0%| F|  |TAMS 0x00000000a3800000, 0x00000000a3800000| Untracked 
|  31|0x00000000a3900000, 0x00000000a3900000, 0x00000000a3a00000|  0%| F|  |TAMS 0x00000000a3900000, 0x00000000a3900000| Untracked 
|  32|0x00000000a3a00000, 0x00000000a3a00000, 0x00000000a3b00000|  0%| F|  |TAMS 0x00000000a3a00000, 0x00000000a3a00000| Untracked 
|  33|0x00000000a3b00000, 0x00000000a3b00000, 0x00000000a3c00000|  0%| F|  |TAMS 0x00000000a3b00000, 0x00000000a3b00000| Untracked 
|  34|0x00000000a3c00000, 0x00000000a3c00000, 0x00000000a3d00000|  0%| F|  |TAMS 0x00000000a3c00000, 0x00000000a3c00000| Untracked 
|  35|0x00000000a3d00000, 0x00000000a3d00000, 0x00000000a3e00000|  0%| F|  |TAMS 0x00000000a3d00000, 0x00000000a3d00000| Untracked 
|  36|0x00000000a3e00000, 0x00000000a3e00000, 0x00000000a3f00000|  0%| F|  |TAMS 0x00000000a3e00000, 0x00000000a3e00000| Untracked 
|  37|0x00000000a3f00000, 0x00000000a3f00000, 0x00000000a4000000|  0%| F|  |TAMS 0x00000000a3f00000, 0x00000000a3f00000| Untracked 
|  38|0x00000000a4000000, 0x00000000a4000000, 0x00000000a4100000|  0%| F|  |TAMS 0x00000000a4000000, 0x00000000a4000000| Untracked 
|  39|0x00000000a4100000, 0x00000000a4100000, 0x00000000a4200000|  0%| F|  |TAMS 0x00000000a4100000, 0x00000000a4100000| Untracked 
|  40|0x00000000a4200000, 0x00000000a4300000, 0x00000000a4300000|100%| S|CS|TAMS 0x00000000a4200000, 0x00000000a4200000| Complete 
|  41|0x00000000a4300000, 0x00000000a4400000, 0x00000000a4400000|100%| S|CS|TAMS 0x00000000a4300000, 0x00000000a4300000| Complete 
|  42|0x00000000a4400000, 0x00000000a4500000, 0x00000000a4500000|100%| S|CS|TAMS 0x00000000a4400000, 0x00000000a4400000| Complete 
|  43|0x00000000a4500000, 0x00000000a4600000, 0x00000000a4600000|100%| S|CS|TAMS 0x00000000a4500000, 0x00000000a4500000| Complete 
|  44|0x00000000a4600000, 0x00000000a4700000, 0x00000000a4700000|100%| S|CS|TAMS 0x00000000a4600000, 0x00000000a4600000| Complete 
|  45|0x00000000a4700000, 0x00000000a4700000, 0x00000000a4800000|  0%| F|  |TAMS 0x00000000a4700000, 0x00000000a4700000| Untracked 
|  46|0x00000000a4800000, 0x00000000a4800000, 0x00000000a4900000|  0%| F|  |TAMS 0x00000000a4800000, 0x00000000a4800000| Untracked 
|  47|0x00000000a4900000, 0x00000000a4900000, 0x00000000a4a00000|  0%| F|  |TAMS 0x00000000a4900000, 0x00000000a4900000| Untracked 
|  48|0x00000000a4a00000, 0x00000000a4a00000, 0x00000000a4b00000|  0%| F|  |TAMS 0x00000000a4a00000, 0x00000000a4a00000| Untracked 
|  49|0x00000000a4b00000, 0x00000000a4b00000, 0x00000000a4c00000|  0%| F|  |TAMS 0x00000000a4b00000, 0x00000000a4b00000| Untracked 
|  50|0x00000000a4c00000, 0x00000000a4c00000, 0x00000000a4d00000|  0%| F|  |TAMS 0x00000000a4c00000, 0x00000000a4c00000| Untracked 
|  51|0x00000000a4d00000, 0x00000000a4d00000, 0x00000000a4e00000|  0%| F|  |TAMS 0x00000000a4d00000, 0x00000000a4d00000| Untracked 
|  52|0x00000000a4e00000, 0x00000000a4e00000, 0x00000000a4f00000|  0%| F|  |TAMS 0x00000000a4e00000, 0x00000000a4e00000| Untracked 
|  53|0x00000000a4f00000, 0x00000000a4f00000, 0x00000000a5000000|  0%| F|  |TAMS 0x00000000a4f00000, 0x00000000a4f00000| Untracked 
|  54|0x00000000a5000000, 0x00000000a5000000, 0x00000000a5100000|  0%| F|  |TAMS 0x00000000a5000000, 0x00000000a5000000| Untracked 
|  55|0x00000000a5100000, 0x00000000a5100000, 0x00000000a5200000|  0%| F|  |TAMS 0x00000000a5100000, 0x00000000a5100000| Untracked 
|  56|0x00000000a5200000, 0x00000000a5200000, 0x00000000a5300000|  0%| F|  |TAMS 0x00000000a5200000, 0x00000000a5200000| Untracked 
|  57|0x00000000a5300000, 0x00000000a5300000, 0x00000000a5400000|  0%| F|  |TAMS 0x00000000a5300000, 0x00000000a5300000| Untracked 
|  58|0x00000000a5400000, 0x00000000a5400000, 0x00000000a5500000|  0%| F|  |TAMS 0x00000000a5400000, 0x00000000a5400000| Untracked 
|  59|0x00000000a5500000, 0x00000000a5500000, 0x00000000a5600000|  0%| F|  |TAMS 0x00000000a5500000, 0x00000000a5500000| Untracked 
|  60|0x00000000a5600000, 0x00000000a5600000, 0x00000000a5700000|  0%| F|  |TAMS 0x00000000a5600000, 0x00000000a5600000| Untracked 
|  61|0x00000000a5700000, 0x00000000a5700000, 0x00000000a5800000|  0%| F|  |TAMS 0x00000000a5700000, 0x00000000a5700000| Untracked 
|  62|0x00000000a5800000, 0x00000000a5800000, 0x00000000a5900000|  0%| F|  |TAMS 0x00000000a5800000, 0x00000000a5800000| Untracked 
|  63|0x00000000a5900000, 0x00000000a5900000, 0x00000000a5a00000|  0%| F|  |TAMS 0x00000000a5900000, 0x00000000a5900000| Untracked 
|  64|0x00000000a5a00000, 0x00000000a5a00000, 0x00000000a5b00000|  0%| F|  |TAMS 0x00000000a5a00000, 0x00000000a5a00000| Untracked 
|  65|0x00000000a5b00000, 0x00000000a5b00000, 0x00000000a5c00000|  0%| F|  |TAMS 0x00000000a5b00000, 0x00000000a5b00000| Untracked 
|  66|0x00000000a5c00000, 0x00000000a5c00000, 0x00000000a5d00000|  0%| F|  |TAMS 0x00000000a5c00000, 0x00000000a5c00000| Untracked 
|  67|0x00000000a5d00000, 0x00000000a5d00000, 0x00000000a5e00000|  0%| F|  |TAMS 0x00000000a5d00000, 0x00000000a5d00000| Untracked 
|  68|0x00000000a5e00000, 0x00000000a5e00000, 0x00000000a5f00000|  0%| F|  |TAMS 0x00000000a5e00000, 0x00000000a5e00000| Untracked 
|  69|0x00000000a5f00000, 0x00000000a5f00000, 0x00000000a6000000|  0%| F|  |TAMS 0x00000000a5f00000, 0x00000000a5f00000| Untracked 
|  70|0x00000000a6000000, 0x00000000a6000000, 0x00000000a6100000|  0%| F|  |TAMS 0x00000000a6000000, 0x00000000a6000000| Untracked 
|  71|0x00000000a6100000, 0x00000000a6100000, 0x00000000a6200000|  0%| F|  |TAMS 0x00000000a6100000, 0x00000000a6100000| Untracked 
|  72|0x00000000a6200000, 0x00000000a6200000, 0x00000000a6300000|  0%| F|  |TAMS 0x00000000a6200000, 0x00000000a6200000| Untracked 
|  73|0x00000000a6300000, 0x00000000a6300000, 0x00000000a6400000|  0%| F|  |TAMS 0x00000000a6300000, 0x00000000a6300000| Untracked 
|  74|0x00000000a6400000, 0x00000000a646cb10, 0x00000000a6500000| 42%| E|  |TAMS 0x00000000a6400000, 0x00000000a6400000| Complete 
|  75|0x00000000a6500000, 0x00000000a6600000, 0x00000000a6600000|100%| E|CS|TAMS 0x00000000a6500000, 0x00000000a6500000| Complete 
| 114|0x00000000a8c00000, 0x00000000a8d00000, 0x00000000a8d00000|100%| E|CS|TAMS 0x00000000a8c00000, 0x00000000a8c00000| Complete 
| 115|0x00000000a8d00000, 0x00000000a8e00000, 0x00000000a8e00000|100%| E|CS|TAMS 0x00000000a8d00000, 0x00000000a8d00000| Complete 

Card table byte_map: [0x0000002c4a840000,0x0000002c4ab40000] _byte_map_base: 0x0000002c4a333000

Marking Bits (Prev, Next): (CMBitMap*) 0x0000002c32e417b8, (CMBitMap*) 0x0000002c32e41778
 Prev Bits: [0x0000002c4c5e0000, 0x0000002c4dd78000)
 Next Bits: [0x0000002c4ae40000, 0x0000002c4c5d8000)

Polling page: 0x0000002c32570000

Metaspace:

Usage:
  Non-class:     46.10 MB capacity,    44.91 MB ( 97%) used,  1001.79 KB (  2%) free+waste,   210.19 KB ( <1%) overhead. 
      Class:      8.06 MB capacity,     7.36 MB ( 91%) used,   605.26 KB (  7%) free+waste,   104.94 KB (  1%) overhead. 
       Both:     54.15 MB capacity,    52.28 MB ( 97%) used,     1.57 MB (  3%) free+waste,   315.13 KB ( <1%) overhead. 

Virtual space:
  Non-class space:       48.00 MB reserved,      46.17 MB ( 96%) committed 
      Class space:        1.00 GB reserved,       8.13 MB ( <1%) committed 
             Both:        1.05 GB reserved,      54.30 MB (  5%) committed 

Chunk freelists:
   Non-Class:  14.00 KB
       Class:  6.00 KB
        Both:  20.00 KB

MaxMetaspaceSize: 17179869184.00 GB
CompressedClassSpaceSize: 1.00 GB

CodeHeap 'non-profiled nmethods': size=238912Kb used=10408Kb max_used=10408Kb free=228503Kb
 bounds [0x0000002c3bbf0000, 0x0000002c3c620000, 0x0000002c4a540000]
CodeHeap 'non-nmethods': size=6848Kb used=1308Kb max_used=1308Kb free=5540Kb
 bounds [0x0000002c3b540000, 0x0000002c3b7b0000, 0x0000002c3bbf0000]
 total_blobs=7228 nmethods=6352 adapters=530
 compilation: enabled
              stopped_count=0, restarted_count=0
 full_count=0

Compilation events (20 events):
Event: 77.426 Thread 0x0000002c512d5000 6343       1       javax.crypto.CipherSpi::engineDoFinal (8 bytes)
Event: 77.426 Thread 0x0000002c512d5000 nmethod 6343 0x0000002c3c613a10 code [0x0000002c3c613ba0, 0x0000002c3c613ca8]
Event: 77.426 Thread 0x0000002c512d5000 6344       1       javax.crypto.CipherSpi::bufferCrypt (474 bytes)
Event: 77.430 Thread 0x0000002c512d5000 nmethod 6344 0x0000002c3c613d10 code [0x0000002c3c6140a0, 0x0000002c3c615258]
Event: 77.430 Thread 0x0000002c512d5000 6345       1       com.sun.crypto.provider.AESCipher::engineDoFinal (24 bytes)
Event: 77.430 Thread 0x0000002c512d5000 nmethod 6345 0x0000002c3c615c10 code [0x0000002c3c615da0, 0x0000002c3c615ea8]
Event: 77.430 Thread 0x0000002c512d5000 6346       1       com.sun.crypto.provider.CipherCore::doFinal (235 bytes)
Event: 77.433 Thread 0x0000002c512d5000 nmethod 6346 0x0000002c3c615f90 code [0x0000002c3c616220, 0x0000002c3c616c78]
Event: 77.433 Thread 0x0000002c512d5000 6347       1       com.sun.crypto.provider.CipherCore::checkOutputCapacity (74 bytes)
Event: 77.434 Thread 0x0000002c512d5000 nmethod 6347 0x0000002c3c617210 code [0x0000002c3c617400, 0x0000002c3c617848]
Event: 77.434 Thread 0x0000002c512d5000 6348       1       com.sun.crypto.provider.GaloisCounterMode::processAAD (89 bytes)
Event: 77.435 Thread 0x0000002c512d5000 nmethod 6348 0x0000002c3c617a90 code [0x0000002c3c617c80, 0x0000002c3c6183e8]
Event: 77.435 Thread 0x0000002c512d5000 6349       1       com.sun.crypto.provider.GaloisCounterMode::doLastBlock (225 bytes)
Event: 77.436 Thread 0x0000002c512d5000 nmethod 6349 0x0000002c3c618710 code [0x0000002c3c618900, 0x0000002c3c618d48]
Event: 77.436 Thread 0x0000002c512d5000 6350       1       com.sun.crypto.provider.GaloisCounterMode::getLengthBlock (192 bytes)
Event: 77.436 Thread 0x0000002c512d5000 nmethod 6350 0x0000002c3c619090 code [0x0000002c3c619220, 0x0000002c3c619478]
Event: 77.436 Thread 0x0000002c512d5000 6351       1       com.sun.crypto.provider.CipherCore::endDoFinal (28 bytes)
Event: 77.436 Thread 0x0000002c512d5000 nmethod 6351 0x0000002c3c619510 code [0x0000002c3c6196a0, 0x0000002c3c6197c8]
Event: 77.436 Thread 0x0000002c512d5000 6352       1       com.sun.crypto.provider.GaloisCounterMode::reset (81 bytes)
Event: 77.437 Thread 0x0000002c512d5000 nmethod 6352 0x0000002c3c619890 code [0x0000002c3c619a60, 0x0000002c3c61a158]

GC Heap History (20 events):
Event: 12.443 GC heap before
{Heap before GC invocations=18 (full 0):
 garbage-first heap   total 66560K, used 53021K [0x00000000a1a00000, 0x0000000100000000)
  region size 1024K, 31 young (31744K), 3 survivors (3072K)
 Metaspace       used 44218K, capacity 45484K, committed 45616K, reserved 1087488K
  class space    used 6188K, capacity 6687K, committed 6784K, reserved 1048576K
}
Event: 12.451 GC heap after
{Heap after GC invocations=19 (full 0):
 garbage-first heap   total 66560K, used 25443K [0x00000000a1a00000, 0x0000000100000000)
  region size 1024K, 3 young (3072K), 3 survivors (3072K)
 Metaspace       used 44218K, capacity 45484K, committed 45616K, reserved 1087488K
  class space    used 6188K, capacity 6687K, committed 6784K, reserved 1048576K
}
Event: 13.238 GC heap before
{Heap before GC invocations=19 (full 0):
 garbage-first heap   total 66560K, used 52067K [0x00000000a1a00000, 0x0000000100000000)
  region size 1024K, 30 young (30720K), 3 survivors (3072K)
 Metaspace       used 47189K, capacity 48613K, committed 48816K, reserved 1091584K
  class space    used 6588K, capacity 7157K, committed 7168K, reserved 1048576K
}
Event: 13.248 GC heap after
{Heap after GC invocations=20 (full 0):
 garbage-first heap   total 66560K, used 26990K [0x00000000a1a00000, 0x0000000100000000)
  region size 1024K, 3 young (3072K), 3 survivors (3072K)
 Metaspace       used 47189K, capacity 48613K, committed 48816K, reserved 1091584K
  class space    used 6588K, capacity 7157K, committed 7168K, reserved 1048576K
}
Event: 14.136 GC heap before
{Heap before GC invocations=20 (full 0):
 garbage-first heap   total 66560K, used 52590K [0x00000000a1a00000, 0x0000000100000000)
  region size 1024K, 28 young (28672K), 3 survivors (3072K)
 Metaspace       used 48323K, capacity 49923K, committed 50096K, reserved 1091584K
  class space    used 6764K, capacity 7357K, committed 7424K, reserved 1048576K
}
Event: 14.146 GC heap after
{Heap after GC invocations=21 (full 0):
 garbage-first heap   total 79872K, used 28288K [0x00000000a1a00000, 0x0000000100000000)
  region size 1024K, 3 young (3072K), 3 survivors (3072K)
 Metaspace       used 48323K, capacity 49923K, committed 50096K, reserved 1091584K
  class space    used 6764K, capacity 7357K, committed 7424K, reserved 1048576K
}
Event: 15.270 GC heap before
{Heap before GC invocations=21 (full 0):
 garbage-first heap   total 79872K, used 64128K [0x00000000a1a00000, 0x0000000100000000)
  region size 1024K, 38 young (38912K), 3 survivors (3072K)
 Metaspace       used 50810K, capacity 52460K, committed 52528K, reserved 1093632K
  class space    used 7118K, capacity 7770K, committed 7808K, reserved 1048576K
}
Event: 15.281 GC heap after
{Heap after GC invocations=22 (full 0):
 garbage-first heap   total 79872K, used 29647K [0x00000000a1a00000, 0x0000000100000000)
  region size 1024K, 3 young (3072K), 3 survivors (3072K)
 Metaspace       used 50810K, capacity 52460K, committed 52528K, reserved 1093632K
  class space    used 7118K, capacity 7770K, committed 7808K, reserved 1048576K
}
Event: 17.429 GC heap before
{Heap before GC invocations=22 (full 0):
 garbage-first heap   total 79872K, used 65487K [0x00000000a1a00000, 0x0000000100000000)
  region size 1024K, 38 young (38912K), 3 survivors (3072K)
 Metaspace       used 53124K, capacity 54911K, committed 55216K, reserved 1095680K
  class space    used 7456K, capacity 8140K, committed 8192K, reserved 1048576K
}
Event: 17.441 GC heap after
{Heap after GC invocations=23 (full 0):
 garbage-first heap   total 79872K, used 31557K [0x00000000a1a00000, 0x0000000100000000)
  region size 1024K, 5 young (5120K), 5 survivors (5120K)
 Metaspace       used 53124K, capacity 54911K, committed 55216K, reserved 1095680K
  class space    used 7456K, capacity 8140K, committed 8192K, reserved 1048576K
}
Event: 58.989 GC heap before
{Heap before GC invocations=23 (full 0):
 garbage-first heap   total 79872K, used 37701K [0x00000000a1a00000, 0x0000000100000000)
  region size 1024K, 12 young (12288K), 5 survivors (5120K)
 Metaspace       used 53296K, capacity 55130K, committed 55216K, reserved 1095680K
  class space    used 7490K, capacity 8192K, committed 8192K, reserved 1048576K
}
Event: 59.109 GC heap after
{Heap after GC invocations=24 (full 1):
 garbage-first heap   total 79872K, used 26003K [0x00000000a1a00000, 0x0000000100000000)
  region size 1024K, 0 young (0K), 0 survivors (0K)
 Metaspace       used 53281K, capacity 55106K, committed 55216K, reserved 1095680K
  class space    used 7488K, capacity 8188K, committed 8192K, reserved 1048576K
}
Event: 61.748 GC heap before
{Heap before GC invocations=24 (full 1):
 garbage-first heap   total 79872K, used 63891K [0x00000000a1a00000, 0x0000000100000000)
  region size 1024K, 37 young (37888K), 0 survivors (0K)
 Metaspace       used 53300K, capacity 55121K, committed 55344K, reserved 1095680K
  class space    used 7495K, capacity 8193K, committed 8320K, reserved 1048576K
}
Event: 61.753 GC heap after
{Heap after GC invocations=25 (full 1):
 garbage-first heap   total 79872K, used 28245K [0x00000000a1a00000, 0x0000000100000000)
  region size 1024K, 3 young (3072K), 3 survivors (3072K)
 Metaspace       used 53300K, capacity 55121K, committed 55344K, reserved 1095680K
  class space    used 7495K, capacity 8193K, committed 8320K, reserved 1048576K
}
Event: 62.019 GC heap before
{Heap before GC invocations=25 (full 1):
 garbage-first heap   total 79872K, used 62037K [0x00000000a1a00000, 0x0000000100000000)
  region size 1024K, 37 young (37888K), 3 survivors (3072K)
 Metaspace       used 53300K, capacity 55121K, committed 55344K, reserved 1095680K
  class space    used 7495K, capacity 8193K, committed 8320K, reserved 1048576K
}
Event: 62.024 GC heap after
{Heap after GC invocations=26 (full 1):
 garbage-first heap   total 79872K, used 28527K [0x00000000a1a00000, 0x0000000100000000)
  region size 1024K, 3 young (3072K), 3 survivors (3072K)
 Metaspace       used 53300K, capacity 55121K, committed 55344K, reserved 1095680K
  class space    used 7495K, capacity 8193K, committed 8320K, reserved 1048576K
}
Event: 62.774 GC heap before
{Heap before GC invocations=26 (full 1):
 garbage-first heap   total 79872K, used 63343K [0x00000000a1a00000, 0x0000000100000000)
  region size 1024K, 38 young (38912K), 3 survivors (3072K)
 Metaspace       used 53334K, capacity 55218K, committed 55344K, reserved 1095680K
  class space    used 7498K, capacity 8198K, committed 8320K, reserved 1048576K
}
Event: 62.781 GC heap after
{Heap after GC invocations=27 (full 1):
 garbage-first heap   total 79872K, used 30446K [0x00000000a1a00000, 0x0000000100000000)
  region size 1024K, 5 young (5120K), 5 survivors (5120K)
 Metaspace       used 53334K, capacity 55218K, committed 55344K, reserved 1095680K
  class space    used 7498K, capacity 8198K, committed 8320K, reserved 1048576K
}
Event: 64.021 GC heap before
{Heap before GC invocations=27 (full 1):
 garbage-first heap   total 79872K, used 63214K [0x00000000a1a00000, 0x0000000100000000)
  region size 1024K, 38 young (38912K), 5 survivors (5120K)
 Metaspace       used 53520K, capacity 55446K, committed 55600K, reserved 1097728K
  class space    used 7539K, capacity 8248K, committed 8320K, reserved 1048576K
}
Event: 64.030 GC heap after
{Heap after GC invocations=28 (full 1):
 garbage-first heap   total 79872K, used 32546K [0x00000000a1a00000, 0x0000000100000000)
  region size 1024K, 5 young (5120K), 5 survivors (5120K)
 Metaspace       used 53520K, capacity 55446K, committed 55600K, reserved 1097728K
  class space    used 7539K, capacity 8248K, committed 8320K, reserved 1048576K
}

Deoptimization events (10 events):
Event: 5.574 Thread 0x0000002c52396000 DEOPT PACKING pc=0x0000002c3bec21a4 sp=0x0000002c5332c900
Event: 5.574 Thread 0x0000002c52396000 DEOPT UNPACKING pc=0x0000002c3b58964e sp=0x0000002c5332be78 mode 0
Event: 9.778 Thread 0x0000002c52396000 DEOPT PACKING pc=0x0000002c3bea8bfe sp=0x0000002c53327e10
Event: 9.778 Thread 0x0000002c52396000 DEOPT UNPACKING pc=0x0000002c3b58964e sp=0x0000002c533272a0 mode 3
Event: 9.778 Thread 0x0000002c5437e000 DEOPT PACKING pc=0x0000002c3be4f5b1 sp=0x0000002c55bfeed0
Event: 9.778 Thread 0x0000002c5437e000 DEOPT UNPACKING pc=0x0000002c3b58964e sp=0x0000002c55bfe328 mode 3
Event: 63.107 Thread 0x0000002c56969000 DEOPT PACKING pc=0x0000002c3bf38af3 sp=0x0000002c55efd080
Event: 63.107 Thread 0x0000002c56969000 DEOPT UNPACKING pc=0x0000002c3b58964e sp=0x0000002c55efc588 mode 3
Event: 63.109 Thread 0x0000002c56969000 DEOPT PACKING pc=0x0000002c3bf359e6 sp=0x0000002c55efd040
Event: 63.109 Thread 0x0000002c56969000 DEOPT UNPACKING pc=0x0000002c3b58964e sp=0x0000002c55efc588 mode 3

Classes unloaded (4 events):
Event: 59.019 Thread 0x0000002c505ac000 Unloading class 0x0000000801277840 'jdk/internal/reflect/GeneratedSerializationConstructorAccessor7'
Event: 59.019 Thread 0x0000002c505ac000 Unloading class 0x0000000801272440 'jdk/internal/reflect/GeneratedSerializationConstructorAccessor6'
Event: 59.019 Thread 0x0000002c505ac000 Unloading class 0x0000000801271840 'jdk/internal/reflect/GeneratedSerializationConstructorAccessor5'
Event: 59.019 Thread 0x0000002c505ac000 Unloading class 0x0000000801270c40 'jdk/internal/reflect/GeneratedSerializationConstructorAccessor4'

Classes redefined (0 events):
No events

Internal exceptions (20 events):
Event: 59.412 Thread 0x0000002c56969000 Exception <a 'java/io/FileNotFoundException'{0x00000000a8c70d98}> (0x00000000a8c70d98) 
thrown [t:/workspace/open/src/hotspot/share/prims/jni.cpp, line 599]
Event: 61.387 Thread 0x0000002c56969000 Exception <a 'java/lang/NoClassDefFoundError'{0x00000000a44987b8}: org/flywaydb/core/Flyway> (0x00000000a44987b8) 
thrown [t:/workspace/open/src/hotspot/share/oops/constantPool.cpp, line 783]
Event: 61.387 Thread 0x0000002c56969000 Exception <a 'java/lang/NoClassDefFoundError'{0x00000000a4498ae0}: liquibase/integration/spring/SpringLiquibase> (0x00000000a4498ae0) 
thrown [t:/workspace/open/src/hotspot/share/oops/constantPool.cpp, line 783]
Event: 61.431 Thread 0x0000002c56969000 Exception <a 'java/lang/NoClassDefFoundError'{0x00000000a44f20d0}: org/jooq/DSLContext> (0x00000000a44f20d0) 
thrown [t:/workspace/open/src/hotspot/share/oops/constantPool.cpp, line 783]
Event: 62.065 Thread 0x0000002c56969000 Exception <a 'java/io/FileNotFoundException'{0x00000000a5f694d0}> (0x00000000a5f694d0) 
thrown [t:/workspace/open/src/hotspot/share/prims/jni.cpp, line 599]
Event: 62.136 Thread 0x0000002c56969000 Exception <a 'java/io/FileNotFoundException'{0x00000000a5d39418}> (0x00000000a5d39418) 
thrown [t:/workspace/open/src/hotspot/share/prims/jni.cpp, line 599]
Event: 77.381 Thread 0x0000002c56968800 Exception <a 'java/lang/InterruptedException'{0x00000000a65f2a68}: sleep interrupted> (0x00000000a65f2a68) 
thrown [t:/workspace/open/src/hotspot/share/prims/jvm.cpp, line 3074]
Event: 77.407 Thread 0x0000002c54747800 Exception <a 'java/io/IOException'{0x00000000a6430ae8}> (0x00000000a6430ae8) 
thrown [t:/workspace/open/src/hotspot/share/prims/jni.cpp, line 599]
Event: 77.408 Thread 0x0000002c54747800 Exception <a 'java/io/IOException'{0x00000000a6431588}> (0x00000000a6431588) 
thrown [t:/workspace/open/src/hotspot/share/prims/jni.cpp, line 599]
Event: 77.410 Thread 0x0000002c54747800 Exception <a 'java/io/IOException'{0x00000000a6434978}> (0x00000000a6434978) 
thrown [t:/workspace/open/src/hotspot/share/prims/jni.cpp, line 599]
Event: 77.411 Thread 0x0000002c54747800 Exception <a 'java/io/IOException'{0x00000000a6435418}> (0x00000000a6435418) 
thrown [t:/workspace/open/src/hotspot/share/prims/jni.cpp, line 599]
Event: 77.412 Thread 0x0000002c54747800 Exception <a 'java/io/IOException'{0x00000000a6437068}> (0x00000000a6437068) 
thrown [t:/workspace/open/src/hotspot/share/prims/jni.cpp, line 599]
Event: 77.412 Thread 0x0000002c54747800 Exception <a 'java/io/IOException'{0x00000000a6437b08}> (0x00000000a6437b08) 
thrown [t:/workspace/open/src/hotspot/share/prims/jni.cpp, line 599]
Event: 77.414 Thread 0x0000002c54747800 Exception <a 'java/io/IOException'{0x00000000a643aef8}> (0x00000000a643aef8) 
thrown [t:/workspace/open/src/hotspot/share/prims/jni.cpp, line 599]
Event: 77.415 Thread 0x0000002c54747800 Exception <a 'java/io/IOException'{0x00000000a643b998}> (0x00000000a643b998) 
thrown [t:/workspace/open/src/hotspot/share/prims/jni.cpp, line 599]
Event: 77.418 Thread 0x0000002c54747800 Exception <a 'java/io/IOException'{0x00000000a643ed88}> (0x00000000a643ed88) 
thrown [t:/workspace/open/src/hotspot/share/prims/jni.cpp, line 599]
Event: 77.418 Thread 0x0000002c54747800 Exception <a 'java/io/IOException'{0x00000000a643f828}> (0x00000000a643f828) 
thrown [t:/workspace/open/src/hotspot/share/prims/jni.cpp, line 599]
Event: 77.420 Thread 0x0000002c54747800 Exception <a 'java/io/IOException'{0x00000000a6441770}> (0x00000000a6441770) 
thrown [t:/workspace/open/src/hotspot/share/prims/jni.cpp, line 599]
Event: 77.422 Thread 0x0000002c54747800 Exception <a 'java/io/IOException'{0x00000000a64433c0}> (0x00000000a64433c0) 
thrown [t:/workspace/open/src/hotspot/share/prims/jni.cpp, line 599]
Event: 77.422 Thread 0x0000002c54747800 Exception <a 'java/io/IOException'{0x00000000a6443e60}> (0x00000000a6443e60) 
thrown [t:/workspace/open/src/hotspot/share/prims/jni.cpp, line 599]

Events (20 events):
Event: 77.418 Executing VM operation: HandshakeOneThread
Event: 77.418 Executing VM operation: HandshakeOneThread done
Event: 77.418 Executing VM operation: BulkRevokeBias
Event: 77.419 Executing VM operation: BulkRevokeBias done
Event: 77.419 Executing VM operation: HandshakeOneThread
Event: 77.419 Executing VM operation: HandshakeOneThread done
Event: 77.420 Executing VM operation: HandshakeOneThread
Event: 77.420 Executing VM operation: HandshakeOneThread done
Event: 77.420 Executing VM operation: BulkRevokeBias
Event: 77.420 Executing VM operation: BulkRevokeBias done
Event: 77.421 Executing VM operation: BulkRevokeBias
Event: 77.421 Executing VM operation: BulkRevokeBias done
Event: 77.421 Executing VM operation: BulkRevokeBias
Event: 77.421 Executing VM operation: BulkRevokeBias done
Event: 77.423 Executing VM operation: HandshakeOneThread
Event: 77.423 Executing VM operation: HandshakeOneThread done
Event: 77.423 Executing VM operation: HandshakeOneThread
Event: 77.423 Executing VM operation: HandshakeOneThread done
Event: 77.423 Thread 0x0000002c54747800 Thread exited: 0x0000002c54747800
Event: 77.480 Executing VM operation: G1CollectFull


Dynamic libraries:
0x00007ff6564e0000 - 0x00007ff6564ef000 	C:\Program Files\Java\jdk-14\bin\java.exe
0x00007ff96cdd0000 - 0x00007ff96cf7d000 	C:\WINDOWS\SYSTEM32\ntdll.dll
0x00007ff96a600000 - 0x00007ff96a73f000 	C:\WINDOWS\system32\KERNEL32.DLL
0x00007ff96a0c0000 - 0x00007ff96a1d5000 	C:\WINDOWS\system32\KERNELBASE.dll
0x00007ff957c00000 - 0x00007ff957c18000 	C:\Program Files\Java\jdk-14\bin\jli.dll
0x00007ff955a90000 - 0x00007ff955aa5000 	C:\Program Files\Java\jdk-14\bin\VCRUNTIME140.dll
0x00007ff959ba0000 - 0x00007ff959ba4000 	C:\Program Files\Java\jdk-14\bin\api-ms-win-crt-stdio-l1-1-0.dll
0x00007ff959a50000 - 0x00007ff959a54000 	C:\Program Files\Java\jdk-14\bin\api-ms-win-crt-runtime-l1-1-0.dll
0x00007ff9596c0000 - 0x00007ff9596c3000 	C:\Program Files\Java\jdk-14\bin\api-ms-win-crt-environment-l1-1-0.dll
0x00007ff959630000 - 0x00007ff959635000 	C:\Program Files\Java\jdk-14\bin\api-ms-win-crt-math-l1-1-0.dll
0x00007ff958cc0000 - 0x00007ff958cc3000 	C:\Program Files\Java\jdk-14\bin\api-ms-win-crt-locale-l1-1-0.dll
0x00007ff9588b0000 - 0x00007ff9588b3000 	C:\Program Files\Java\jdk-14\bin\api-ms-win-crt-heap-l1-1-0.dll
0x00007ff96c5f0000 - 0x00007ff96c69a000 	C:\WINDOWS\system32\ADVAPI32.dll
0x00007ff967a10000 - 0x00007ff967c8b000 	C:\WINDOWS\WinSxS\amd64_microsoft.windows.common-controls_6595b64144ccf1df_6.0.9600.19394_none_62486577ecb635cf\COMCTL32.dll
0x00007ff96bf90000 - 0x00007ff96c107000 	C:\WINDOWS\system32\USER32.dll
0x00007ff969ea0000 - 0x00007ff969eaa000 	C:\WINDOWS\SYSTEM32\VERSION.dll
0x00007ff958340000 - 0x00007ff958343000 	C:\Program Files\Java\jdk-14\bin\api-ms-win-crt-filesystem-l1-1-0.dll
0x00007ff957bf0000 - 0x00007ff957bf4000 	C:\Program Files\Java\jdk-14\bin\api-ms-win-crt-string-l1-1-0.dll
0x00007ff955b50000 - 0x00007ff955b54000 	C:\Program Files\Java\jdk-14\bin\api-ms-win-crt-convert-l1-1-0.dll
0x00007ff96caf0000 - 0x00007ff96cb9a000 	C:\WINDOWS\system32\msvcrt.dll
0x00007ff96c110000 - 0x00007ff96c168000 	C:\WINDOWS\SYSTEM32\sechost.dll
0x00007ff96a450000 - 0x00007ff96a58a000 	C:\WINDOWS\system32\RPCRT4.dll
0x00007ff96c9a0000 - 0x00007ff96caee000 	C:\WINDOWS\system32\GDI32.dll
0x00007ff943e50000 - 0x00007ff943f4c000 	C:\Program Files\Java\jdk-14\bin\ucrtbase.DLL
0x00007ff96a3c0000 - 0x00007ff96a3ee000 	C:\WINDOWS\system32\SspiCli.dll
0x00007ff96c840000 - 0x00007ff96c876000 	C:\WINDOWS\system32\IMM32.DLL
0x00007ff96cc70000 - 0x00007ff96cdc1000 	C:\WINDOWS\system32\MSCTF.dll
0x00007ff969eb0000 - 0x00007ff969ee0000 	C:\Windows\system32\nvinitx.dll
0x0000000065da0000 - 0x0000000065da6000 	C:\Program Files\NVIDIA Corporation\CoProcManager\_etoured.dll
0x00007ff9677a0000 - 0x00007ff9677d8000 	C:\Program Files\NVIDIA Corporation\CoProcManager\nvd3d9wrapx.dll
0x00007ff96c410000 - 0x00007ff96c5ea000 	C:\WINDOWS\system32\SETUPAPI.dll
0x00007ff96a070000 - 0x00007ff96a0bf000 	C:\WINDOWS\system32\CFGMGR32.dll
0x00007ff967700000 - 0x00007ff967724000 	C:\Program Files\NVIDIA Corporation\CoProcManager\nvdxgiwrapx.dll
0x00007ff951d50000 - 0x00007ff951deb000 	C:\Program Files\Java\jdk-14\bin\msvcp140.dll
0x00007ff955ae0000 - 0x00007ff955ae3000 	C:\Program Files\Java\jdk-14\bin\api-ms-win-crt-time-l1-1-0.dll
0x00007ff955a80000 - 0x00007ff955a83000 	C:\Program Files\Java\jdk-14\bin\api-ms-win-crt-utility-l1-1-0.dll
0x00007ff924910000 - 0x00007ff92542f000 	C:\Program Files\Java\jdk-14\bin\server\jvm.dll
0x00007ff93d3c0000 - 0x00007ff93d3c9000 	C:\WINDOWS\SYSTEM32\WSOCK32.dll
0x00007ff95fb80000 - 0x00007ff95fba2000 	C:\WINDOWS\SYSTEM32\WINMM.dll
0x00007ff96a590000 - 0x00007ff96a597000 	C:\WINDOWS\system32\PSAPI.DLL
0x00007ff96c940000 - 0x00007ff96c99a000 	C:\WINDOWS\system32\WS2_32.dll
0x00007ff95fa10000 - 0x00007ff95fa3a000 	C:\WINDOWS\SYSTEM32\WINMMBASE.dll
0x00007ff96bd00000 - 0x00007ff96bd09000 	C:\WINDOWS\system32\NSI.dll
0x00007ff968cd0000 - 0x00007ff968cf8000 	C:\WINDOWS\SYSTEM32\DEVOBJ.dll
0x00007ff955a70000 - 0x00007ff955a7a000 	C:\Program Files\Java\jdk-14\bin\jimage.dll
0x00007ff960f60000 - 0x00007ff9610e9000 	C:\WINDOWS\SYSTEM32\DBGHELP.DLL
0x00007ff966e10000 - 0x00007ff966e1e000 	C:\Program Files\Java\jdk-14\bin\instrument.dll
0x00007ff955a40000 - 0x00007ff955a65000 	C:\Program Files\Java\jdk-14\bin\java.dll
0x00007ff955950000 - 0x00007ff955967000 	C:\Program Files\Java\jdk-14\bin\zip.dll
0x00007ff96a740000 - 0x00007ff96bc6e000 	C:\WINDOWS\system32\SHELL32.dll
0x00007ff96bd10000 - 0x00007ff96bf21000 	C:\WINDOWS\SYSTEM32\combase.dll
0x00007ff96bf30000 - 0x00007ff96bf84000 	C:\WINDOWS\system32\SHLWAPI.dll
0x00007ff967e90000 - 0x00007ff967f42000 	C:\WINDOWS\SYSTEM32\SHCORE.dll
0x00007ff969ef0000 - 0x00007ff969f05000 	C:\WINDOWS\SYSTEM32\profapi.dll
0x00007ff955920000 - 0x00007ff955939000 	C:\Program Files\Java\jdk-14\bin\net.dll
0x00007ff964b10000 - 0x00007ff964bd9000 	C:\WINDOWS\SYSTEM32\WINHTTP.dll
0x00007ff969750000 - 0x00007ff9697a9000 	C:\WINDOWS\system32\mswsock.dll
0x00007ff955030000 - 0x00007ff955042000 	C:\Program Files\Java\jdk-14\bin\nio.dll
0x00007ff961780000 - 0x00007ff96179a000 	C:\Program Files\JetBrains\IntelliJ IDEA 2019.3.4\bin\breakgen64.dll
0x00007ff969550000 - 0x00007ff9695f4000 	C:\WINDOWS\SYSTEM32\DNSAPI.dll
0x0000000065db0000 - 0x0000000065dd6000 	C:\Program Files\Bonjour\mdnsNSP.dll
0x00007ff964ad0000 - 0x00007ff964afa000 	C:\WINDOWS\SYSTEM32\Iphlpapi.DLL
0x00007ff964ac0000 - 0x00007ff964aca000 	C:\WINDOWS\SYSTEM32\WINNSI.DLL
0x00007ff953110000 - 0x00007ff95311a000 	C:\Windows\System32\rasadhlp.dll
0x00007ff95e100000 - 0x00007ff95e16b000 	C:\WINDOWS\System32\fwpuclnt.dll
0x00007ff9548c0000 - 0x00007ff9548c9000 	C:\Program Files\Java\jdk-14\bin\management.dll
0x00007ff954710000 - 0x00007ff95471b000 	C:\Program Files\Java\jdk-14\bin\management_ext.dll
0x00007ff9697b0000 - 0x00007ff9697d0000 	C:\WINDOWS\SYSTEM32\CRYPTSP.dll
0x00007ff969370000 - 0x00007ff9693a6000 	C:\WINDOWS\system32\rsaenh.dll
0x00007ff9699f0000 - 0x00007ff969a16000 	C:\WINDOWS\SYSTEM32\bcrypt.dll
0x00007ff9694e0000 - 0x00007ff969501000 	C:\WINDOWS\SYSTEM32\USERENV.dll
0x00007ff969d10000 - 0x00007ff969d73000 	C:\WINDOWS\system32\bcryptprimitives.dll
0x00007ff969d80000 - 0x00007ff969d8b000 	C:\WINDOWS\SYSTEM32\CRYPTBASE.dll
0x00007ff95dab0000 - 0x00007ff95dac6000 	C:\WINDOWS\SYSTEM32\dhcpcsvc6.DLL
0x00007ff95e230000 - 0x00007ff95e24a000 	C:\WINDOWS\SYSTEM32\dhcpcsvc.DLL
0x00007ff9550b0000 - 0x00007ff9550c5000 	C:\WINDOWS\system32\napinsp.dll
0x00007ff955090000 - 0x00007ff9550aa000 	C:\WINDOWS\system32\pnrpnsp.dll
0x00007ff95fd70000 - 0x00007ff95fd8b000 	C:\WINDOWS\system32\NLAapi.dll
0x00007ff963760000 - 0x00007ff96376d000 	C:\WINDOWS\System32\winrnr.dll
0x00007ff955070000 - 0x00007ff955084000 	C:\WINDOWS\system32\wshbth.dll
0x00007ff959a60000 - 0x00007ff959a85000 	C:\Program Files\Java\jdk-14\bin\sunec.dll
0x00007ff966d90000 - 0x00007ff966d9e000 	C:\Program Files\Java\jdk-14\bin\sunmscapi.dll
0x00007ff96a1e0000 - 0x00007ff96a3be000 	C:\WINDOWS\system32\CRYPT32.dll
0x00007ff9699c0000 - 0x00007ff9699e5000 	C:\WINDOWS\SYSTEM32\ncrypt.dll
0x00007ff969fa0000 - 0x00007ff969fb1000 	C:\WINDOWS\system32\MSASN1.dll
0x00007ff969980000 - 0x00007ff9699b7000 	C:\WINDOWS\SYSTEM32\NTASN1.dll

dbghelp: loaded successfully - version: 4.0.5 - missing functions: none
symbol engine: initialized successfully - sym options: 0x614 - pdb path: .;C:\Program Files\Java\jdk-14\bin;C:\WINDOWS\SYSTEM32;C:\WINDOWS\WinSxS\amd64_microsoft.windows.common-controls_6595b64144ccf1df_6.0.9600.19394_none_62486577ecb635cf;C:\Program Files\NVIDIA Corporation\CoProcManager;C:\Program Files\Java\jdk-14\bin\server;C:\Program Files\JetBrains\IntelliJ IDEA 2019.3.4\bin;C:\Program Files\Bonjour

VM Arguments:
jvm_args: -XX:TieredStopAtLevel=1 -Xverify:none -Dspring.output.ansi.enabled=always -Dcom.sun.management.jmxremote -Dspring.jmx.enabled=true -Dspring.liveBeansView.mbeanDomain -Dspring.application.admin.enabled=true -javaagent:C:\Program Files\JetBrains\IntelliJ IDEA 2019.3.4\lib\idea_rt.jar=49585:C:\Program Files\JetBrains\IntelliJ IDEA 2019.3.4\bin -Dfile.encoding=UTF-8 
java_command: by.dz.fruits_in_choco.fruits_in_choco.FruitsInChocoApplication
java_class_path (initial): C:\OUR_FILES\IT\Projects\fruits_in_choco\target\classes;C:\Users\User\.m2\repository\org\springframework\boot\spring-boot-starter-data-jpa\2.5.2\spring-boot-starter-data-jpa-2.5.2.jar;C:\Users\User\.m2\repository\org\springframework\boot\spring-boot-starter-aop\2.5.2\spring-boot-starter-aop-2.5.2.jar;C:\Users\User\.m2\repository\org\aspectj\aspectjweaver\1.9.6\aspectjweaver-1.9.6.jar;C:\Users\User\.m2\repository\org\springframework\boot\spring-boot-starter-jdbc\2.5.2\spring-boot-starter-jdbc-2.5.2.jar;C:\Users\User\.m2\repository\com\zaxxer\HikariCP\4.0.3\HikariCP-4.0.3.jar;C:\Users\User\.m2\repository\org\springframework\spring-jdbc\5.3.8\spring-jdbc-5.3.8.jar;C:\Users\User\.m2\repository\jakarta\transaction\jakarta.transaction-api\1.3.3\jakarta.transaction-api-1.3.3.jar;C:\Users\User\.m2\repository\jakarta\persistence\jakarta.persistence-api\2.2.3\jakarta.persistence-api-2.2.3.jar;C:\Users\User\.m2\repository\org\hibernate\hibernate-core\5.4.32.Final\hibernate-core-5.4.32.Final.jar;C:\Users\User\.m2\repository\org\jboss\logging\jboss-logging\3.4.2.Final\jboss-logging-3.4.2.Final.jar;C:\Users\User\.m2\repository\org\javassist\javassist\3.27.0-GA\javassist-3.27.0-GA.jar;C:\Users\User\.m2\repository\net\bytebuddy\byte-buddy\1.10.22\byte-buddy-1.10.22.jar;C:\Users\User\.m2\repository\antlr\antlr\2.7.7\antlr-2.7.7.jar;C:\Users\User\.m2\repository\org\jboss\jandex\2.2.3.Final\jandex-2.2.3.Final.jar;C:\Users\User\.m2\repository\com\fasterxml\classmate\1.5.1\classmate-1.5.1.jar;C:\Users\User\.m2\repository\org\dom4j\dom4j\2.1.3\dom4j-2.1.3.jar;C:\Users\User\.m2\repository\org\hibernate\common\hibernate-commons-annotations\5.1.2.Final\hibernate-commons-annotations-5.1.2.Final.jar;C:\Users\User\.m2\repository\org\glassfish\jaxb\jaxb-runtime\2.3.4\jaxb-runtime-2.3.4.jar;C:\Users\User\.m2\repository\org\glassfish\jaxb\txw2\2.3.4\txw2-2.3.4.jar;C:\Users\User\.m2\repository\com\sun\istack\istack-commons-runtime\3.0.12\istack-commons-runtime-3.0.12.j
Launcher Type: SUN_STANDARD

[Global flags]
     intx CICompilerCount                          = 3                                         {product} {ergonomic}
     uint ConcGCThreads                            = 1                                         {product} {ergonomic}
     uint G1ConcRefinementThreads                  = 4                                         {product} {ergonomic}
   size_t G1HeapRegionSize                         = 1048576                                   {product} {ergonomic}
    uintx GCDrainStackTargetSize                   = 64                                        {product} {ergonomic}
   size_t InitialHeapSize                          = 100663296                                 {product} {ergonomic}
     bool ManagementServer                         = true                                      {product} {command line}
   size_t MarkStackSize                            = 4194304                                   {product} {ergonomic}
   size_t MaxHeapSize                              = 1583349760                                {product} {ergonomic}
   size_t MaxNewSize                               = 950009856                                 {product} {ergonomic}
   size_t MinHeapDeltaBytes                        = 1048576                                   {product} {ergonomic}
   size_t MinHeapSize                              = 8388608                                   {product} {ergonomic}
    uintx NonNMethodCodeHeapSize                   = 6973028                                {pd product} {ergonomic}
    uintx NonProfiledCodeHeapSize                  = 244685212                              {pd product} {ergonomic}
    uintx ProfiledCodeHeapSize                     = 0                                      {pd product} {ergonomic}
    uintx ReservedCodeCacheSize                    = 251658240                              {pd product} {ergonomic}
     bool SegmentedCodeCache                       = true                                      {product} {ergonomic}
   size_t SoftMaxHeapSize                          = 1583349760                             {manageable} {ergonomic}
     intx TieredStopAtLevel                        = 1                                         {product} {command line}
     bool UseCompressedClassPointers               = true                                 {lp64_product} {ergonomic}
     bool UseCompressedOops                        = true                                 {lp64_product} {ergonomic}
     bool UseG1GC                                  = true                                      {product} {ergonomic}
     bool UseLargePagesIndividualAllocation        = false                                  {pd product} {ergonomic}

Logging:
Log output configuration:
 #0: stdout all=warning uptime,level,tags
 #1: stderr all=off uptime,level,tags

Environment Variables:
JAVA_HOME=C:\Program Files\Java\jdk-14
PATH=C:\Program Files (x86)\Intel\iCLS Client\;C:\Program Files\Intel\iCLS Client\;C:\WINDOWS\system32;C:\WINDOWS;C:\WINDOWS\System32\Wbem;C:\WINDOWS\System32\WindowsPowerShell\v1.0\;C:\Program Files (x86)\Windows Live\Shared;C:\Program Files (x86)\Intel\OpenCL SDK\2.0\bin\x86;C:\Program Files (x86)\Intel\OpenCL SDK\2.0\bin\x64;C:\Program Files\Intel\Intel(R) Management Engine Components\DAL;C:\Program Files\Intel\Intel(R) Management Engine Components\IPT;C:\Program Files (x86)\Intel\Intel(R) Management Engine Components\DAL;C:\Program Files (x86)\Intel\Intel(R) Management Engine Components\IPT;C:\Program Files\Java\jdk-14\bin;C:\Program Files\nodejs\;C:\Program Files\maven\apache-maven-3.6.3\bin;C:\Program Files\Git\cmd;C:\Program Files\dotnet\;C:\Users\User\AppData\Local\Programs\Python\Python39\Scripts\;C:\Users\User\AppData\Local\Programs\Python\Python39\;C:\Program Files\MySQL\MySQL Shell 8.0\bin\;C:\Users\User\AppData\Roaming\npm;C:\Program Files\heroku\bin
USERNAME=User
OS=Windows_NT
PROCESSOR_IDENTIFIER=Intel64 Family 6 Model 58 Stepping 9, GenuineIntel



---------------  S Y S T E M  ---------------

OS: Windows 8.1 , 64 bit Build 9600 (6.3.9600.20062)
OS uptime: 14 days 0:03 hours

CPU:total 4 (initial active 4) (2 cores per cpu, 2 threads per core) family 6 model 58 stepping 9, cmov, cx8, fxsr, mmx, sse, sse2, sse3, ssse3, sse4.1, sse4.2, popcnt, avx, clmul, erms, ht, tsc, tscinvbit, tscinv

Memory: 4k page, system-wide physical 6036M (636M free)
TotalPageFile size 10105M (AvailPageFile size 20M)
current process WorkingSet (physical memory assigned to process): 209M, peak: 209M
current process commit charge ("private bytes"): 245M, peak: 250M

vm_info: Java HotSpot(TM) 64-Bit Server VM (14+36-1461) for windows-amd64 JRE (14+36-1461), built on Feb  6 2020 19:08:04 by "mach5one" with MS VC++ 15.9 (VS2017)

END.
